$INSTANCE OLDID+1424988+107 StateMachine
$INSTANCE _mapNgJlbEeqp3LAywGB6vQ Region
_mapNgJlbEeqp3LAywGB6vQ {SM = "OLDID+1424988+107" name = "ROOT" }
$INSTANCE _mapNgplbEeqp3LAywGB6vQ Region
_mapNgplbEeqp3LAywGB6vQ {SM = "OLDID+1424988+107" }
$INSTANCE _mapNhJlbEeqp3LAywGB6vQ Region
_mapNhJlbEeqp3LAywGB6vQ {SM = "OLDID+1424988+107" name = "armingDisarmingReprogramming" }
$INSTANCE _mapNh5lbEeqp3LAywGB6vQ Region
_mapNh5lbEeqp3LAywGB6vQ {SM = "OLDID+1424988+107" name = "reprogramming" }
$INSTANCE _mapNsZlbEeqp3LAywGB6vQ Region
_mapNsZlbEeqp3LAywGB6vQ {SM = "OLDID+1424988+107" }
$INSTANCE _mapNs5lbEeqp3LAywGB6vQ Region
_mapNs5lbEeqp3LAywGB6vQ {SM = "OLDID+1424988+107" name = "codeEntry" }
$INSTANCE _mapNtZlbEeqp3LAywGB6vQ Region
_mapNtZlbEeqp3LAywGB6vQ {SM = "OLDID+1424988+107" name = "currentCode" }
Sibling _mapNgplbEeqp3LAywGB6vQ _mapNsZlbEeqp3LAywGB6vQ
(Sibling _mapNgplbEeqp3LAywGB6vQ _mapNsZlbEeqp3LAywGB6vQ) {parent = "OLDID+1424988+109" }
Sibling _mapN8ZlbEeqp3LAywGB6vQ _mapOBplbEeqp3LAywGB6vQ
(Sibling _mapN8ZlbEeqp3LAywGB6vQ _mapOBplbEeqp3LAywGB6vQ) {parent = "GUID+3c06b60f-2887-11d3-ac08-0010a4f1d0f6" }
Sibling _mapOJJlbEeqp3LAywGB6vQ _mapOMZlbEeqp3LAywGB6vQ
(Sibling _mapOJJlbEeqp3LAywGB6vQ _mapOMZlbEeqp3LAywGB6vQ) {parent = "OLDID+1424988+257" }
$INSTANCE OLDID+1424988+109 State
OLDID+1424988+109 {type = "State" label = "active" R = "_mapNgJlbEeqp3LAywGB6vQ" }
$INSTANCE OLDID+1424988+157 State
OLDID+1424988+157 {type = "State" label = "armingDisarmingReprogramming" R = "_mapNgplbEeqp3LAywGB6vQ" }
$INSTANCE OLDID+1424988+161 State
OLDID+1424988+161 {type = "State" label = "idle" R = "_mapNhJlbEeqp3LAywGB6vQ" }
$INSTANCE OLDID+1424988+177 State
OLDID+1424988+177 {type = "State" label = "reprogramming" R = "_mapNhJlbEeqp3LAywGB6vQ" }
$INSTANCE OLDID+1424988+163 State
OLDID+1424988+163 {type = "Pseudostate" label = "conditionconnector_1" R = "_mapNhJlbEeqp3LAywGB6vQ" }
$INSTANCE GUID+83d89792-8d14-48e1-b5dd-096c97124b96 State
GUID+83d89792-8d14-48e1-b5dd-096c97124b96 {type = "Pseudostate" label = "junctionconnector_1" R = "_mapNhJlbEeqp3LAywGB6vQ" }
$INSTANCE _mapNlJlbEeqp3LAywGB6vQ State
_mapNlJlbEeqp3LAywGB6vQ {type = "Pseudostate" label = "ROOT" R = "_mapNhJlbEeqp3LAywGB6vQ" }
$INSTANCE OLDID+1424988+195 State
OLDID+1424988+195 {type = "State" label = "waitNewCode" R = "_mapNh5lbEeqp3LAywGB6vQ" }
$INSTANCE OLDID+1424988+186 State
OLDID+1424988+186 {type = "State" label = "waitOldCode" R = "_mapNh5lbEeqp3LAywGB6vQ" }
$INSTANCE OLDID+1424988+188 State
OLDID+1424988+188 {type = "Pseudostate" label = "conditionconnector_2" R = "_mapNh5lbEeqp3LAywGB6vQ" }
$INSTANCE _mapNi5lbEeqp3LAywGB6vQ State
_mapNi5lbEeqp3LAywGB6vQ {type = "Pseudostate" label = "ROOT" R = "_mapNh5lbEeqp3LAywGB6vQ" }
$INSTANCE OLDID+1424988+110 State
OLDID+1424988+110 {type = "State" label = "codeEntry" R = "_mapNsZlbEeqp3LAywGB6vQ" }
$INSTANCE OLDID+1424988+134 State
OLDID+1424988+134 {type = "State" label = "currentCode" R = "_mapNs5lbEeqp3LAywGB6vQ" }
$INSTANCE OLDID+1424988+114 State
OLDID+1424988+114 {type = "State" label = "enteringCode" R = "_mapNs5lbEeqp3LAywGB6vQ" }
$INSTANCE OLDID+1424988+116 State
OLDID+1424988+116 {type = "Pseudostate" label = "conditionconnector_0" R = "_mapNs5lbEeqp3LAywGB6vQ" }
$INSTANCE GUID+28f0484a-1e4b-4764-955c-751a9b49fbdd State
GUID+28f0484a-1e4b-4764-955c-751a9b49fbdd {type = "Pseudostate" label = "junctionconnector_0" R = "_mapNs5lbEeqp3LAywGB6vQ" }
$INSTANCE _mapNyJlbEeqp3LAywGB6vQ State
_mapNyJlbEeqp3LAywGB6vQ {type = "Pseudostate" label = "ROOT" R = "_mapNs5lbEeqp3LAywGB6vQ" }
$INSTANCE OLDID+1424988+145 State
OLDID+1424988+145 {type = "State" label = "correct" R = "_mapNtZlbEeqp3LAywGB6vQ" }
$INSTANCE OLDID+1424988+151 State
OLDID+1424988+151 {type = "State" label = "different" R = "_mapNtZlbEeqp3LAywGB6vQ" }
$INSTANCE OLDID+1424988+144 State
OLDID+1424988+144 {type = "State" label = "notEntered" R = "_mapNtZlbEeqp3LAywGB6vQ" }
$INSTANCE _mapNuZlbEeqp3LAywGB6vQ State
_mapNuZlbEeqp3LAywGB6vQ {type = "Pseudostate" label = "ROOT" R = "_mapNtZlbEeqp3LAywGB6vQ" }
contains OLDID+1424988+109 OLDID+1424988+157
contains OLDID+1424988+157 OLDID+1424988+161
contains OLDID+1424988+157 OLDID+1424988+177
contains OLDID+1424988+177 OLDID+1424988+195
contains OLDID+1424988+177 OLDID+1424988+186
contains OLDID+1424988+177 OLDID+1424988+188
contains OLDID+1424988+177 _mapNi5lbEeqp3LAywGB6vQ
contains OLDID+1424988+157 OLDID+1424988+163
contains OLDID+1424988+157 GUID+83d89792-8d14-48e1-b5dd-096c97124b96
contains OLDID+1424988+157 _mapNlJlbEeqp3LAywGB6vQ
contains OLDID+1424988+109 OLDID+1424988+110
contains OLDID+1424988+110 OLDID+1424988+134
contains OLDID+1424988+134 OLDID+1424988+145
contains OLDID+1424988+134 OLDID+1424988+151
contains OLDID+1424988+134 OLDID+1424988+144
contains OLDID+1424988+134 _mapNuZlbEeqp3LAywGB6vQ
contains OLDID+1424988+110 OLDID+1424988+114
contains OLDID+1424988+110 OLDID+1424988+116
contains OLDID+1424988+110 GUID+28f0484a-1e4b-4764-955c-751a9b49fbdd
contains OLDID+1424988+110 _mapNyJlbEeqp3LAywGB6vQ
transition OLDID+1424988+177 GUID+83d89792-8d14-48e1-b5dd-096c97124b96
(transition OLDID+1424988+177 GUID+83d89792-8d14-48e1-b5dd-096c97124b96) {eventId = "_marCtZlbEeqp3LAywGB6vQ" Region = "_mapNhJlbEeqp3LAywGB6vQ" transID = "GUID+107dd3d2-2346-11d3-abfa-0010a4f1d0f6" }
transition OLDID+1424988+177 GUID+83d89792-8d14-48e1-b5dd-096c97124b96
(transition OLDID+1424988+177 GUID+83d89792-8d14-48e1-b5dd-096c97124b96) {trigger = "evKeyOff" Region = "_mapNhJlbEeqp3LAywGB6vQ" signalId = "_marCdplbEeqp3LAywGB6vQ" transID = "GUID+107dd3df-2346-11d3-abfa-0010a4f1d0f6" eventId = "GUID+be00fb33-3f3b-11d3-ac65-0010a4f1d0f6" }
transition OLDID+1424988+188 OLDID+1424988+161
(transition OLDID+1424988+188 OLDID+1424988+161) {G = "OLDID+1424988+645" Region = "_mapNhJlbEeqp3LAywGB6vQ" guardVal = "else" transID = "OLDID+1424988+641" }
transition OLDID+1424988+195 OLDID+1424988+161
(transition OLDID+1424988+195 OLDID+1424988+161) {signalId = "_marCe5lbEeqp3LAywGB6vQ" effect = "changeCode();" eid = "_mapNn5lbEeqp3LAywGB6vQ" eventId = "GUID+be00fb41-3f3b-11d3-ac65-0010a4f1d0f6" guardVal = "IS_IN(different)" Region = "_mapNhJlbEeqp3LAywGB6vQ" transID = "OLDID+1424988+196" trigger = "evKeyOn" G = "OLDID+1424988+201" }
transition OLDID+1424988+163 OLDID+1424988+161
(transition OLDID+1424988+163 OLDID+1424988+161) {effect = "itsController->GEN(evTemporise);" eid = "_mapNpJlbEeqp3LAywGB6vQ" guardVal = "IS_IN(correct)" Region = "_mapNhJlbEeqp3LAywGB6vQ" transID = "GUID+9f27f498-df03-11d2-ab10-0010a4f1d0f6" G = "GUID+9f27f49a-df03-11d2-ab10-0010a4f1d0f6" }
transition OLDID+1424988+161 OLDID+1424988+163
(transition OLDID+1424988+161 OLDID+1424988+163) {trigger = "evKeyOn" Region = "_mapNhJlbEeqp3LAywGB6vQ" signalId = "_marCe5lbEeqp3LAywGB6vQ" transID = "OLDID+1424988+162" eventId = "GUID+be00fb41-3f3b-11d3-ac65-0010a4f1d0f6" }
transition _mapNlJlbEeqp3LAywGB6vQ OLDID+1424988+161
(transition _mapNlJlbEeqp3LAywGB6vQ OLDID+1424988+161) {Region = "_mapNhJlbEeqp3LAywGB6vQ" transID = "OLDID+1424988+158" }
transition OLDID+1424988+161 OLDID+1424988+161
(transition OLDID+1424988+161 OLDID+1424988+161) {signalId = "_marCdplbEeqp3LAywGB6vQ" effect = "itsController->GEN(evDisarm);" eid = "_mapNq5lbEeqp3LAywGB6vQ" eventId = "GUID+be00fb33-3f3b-11d3-ac65-0010a4f1d0f6" guardVal = "IS_IN(correct)" Region = "_mapNhJlbEeqp3LAywGB6vQ" transID = "OLDID+1424988+170" trigger = "evKeyOff" G = "OLDID+1424988+175" }
transition GUID+83d89792-8d14-48e1-b5dd-096c97124b96 OLDID+1424988+161
(transition GUID+83d89792-8d14-48e1-b5dd-096c97124b96 OLDID+1424988+161) {Region = "_mapNhJlbEeqp3LAywGB6vQ" transID = "GUID+f996a7b6-02f2-48db-b98c-b30110b1e4ce" }
transition OLDID+1424988+163 OLDID+1424988+177
(transition OLDID+1424988+163 OLDID+1424988+177) {G = "OLDID+1424988+599" Region = "_mapNhJlbEeqp3LAywGB6vQ" guardVal = "IS_IN(notEntered)" transID = "GUID+9f27f49e-df03-11d2-ab10-0010a4f1d0f6" }
transition OLDID+1424988+188 OLDID+1424988+195
(transition OLDID+1424988+188 OLDID+1424988+195) {G = "GUID+9f27f4d9-df03-11d2-ab10-0010a4f1d0f6" Region = "_mapNh5lbEeqp3LAywGB6vQ" guardVal = "IS_IN(correct)" transID = "OLDID+1424988+726" }
transition OLDID+1424988+186 OLDID+1424988+188
(transition OLDID+1424988+186 OLDID+1424988+188) {trigger = "evKeyOn" Region = "_mapNh5lbEeqp3LAywGB6vQ" signalId = "_marCe5lbEeqp3LAywGB6vQ" transID = "OLDID+1424988+187" eventId = "GUID+be00fb41-3f3b-11d3-ac65-0010a4f1d0f6" }
transition _mapNi5lbEeqp3LAywGB6vQ OLDID+1424988+186
(transition _mapNi5lbEeqp3LAywGB6vQ OLDID+1424988+186) {Region = "_mapNh5lbEeqp3LAywGB6vQ" transID = "OLDID+1424988+183" }
transition OLDID+1424988+114 GUID+28f0484a-1e4b-4764-955c-751a9b49fbdd
(transition OLDID+1424988+114 GUID+28f0484a-1e4b-4764-955c-751a9b49fbdd) {trigger = "evKeyOff" Region = "_mapNs5lbEeqp3LAywGB6vQ" signalId = "_marCdplbEeqp3LAywGB6vQ" transID = "GUID+5f4f8a94-f503-11d2-ab5b-0010a4f1d0f6" eventId = "GUID+be00fb33-3f3b-11d3-ac65-0010a4f1d0f6" }
transition GUID+28f0484a-1e4b-4764-955c-751a9b49fbdd OLDID+1424988+134
(transition GUID+28f0484a-1e4b-4764-955c-751a9b49fbdd OLDID+1424988+134) {Region = "_mapNs5lbEeqp3LAywGB6vQ" transID = "GUID+2bf27eda-216c-4940-b873-7816c140b57f" }
transition OLDID+1424988+114 GUID+28f0484a-1e4b-4764-955c-751a9b49fbdd
(transition OLDID+1424988+114 GUID+28f0484a-1e4b-4764-955c-751a9b49fbdd) {eventId = "_marCsJlbEeqp3LAywGB6vQ" Region = "_mapNs5lbEeqp3LAywGB6vQ" transID = "GUID+5f4f8aa5-f503-11d2-ab5b-0010a4f1d0f6" }
transition _mapNyJlbEeqp3LAywGB6vQ OLDID+1424988+134
(transition _mapNyJlbEeqp3LAywGB6vQ OLDID+1424988+134) {Region = "_mapNs5lbEeqp3LAywGB6vQ" transID = "OLDID+1424988+111" }
transition OLDID+1424988+134 OLDID+1424988+114
(transition OLDID+1424988+134 OLDID+1424988+114) {trigger = "evKey" signalId = "_marCeJlbEeqp3LAywGB6vQ" eventId = "GUID+be00fb39-3f3b-11d3-ac65-0010a4f1d0f6" Region = "_mapNs5lbEeqp3LAywGB6vQ" effect = "newCode = params->n;
count=1;" transID = "OLDID+1424988+135" eid = "_mapN0JlbEeqp3LAywGB6vQ" }
transition OLDID+1424988+114 OLDID+1424988+116
(transition OLDID+1424988+114 OLDID+1424988+116) {G = "OLDID+1424988+122" Region = "_mapNs5lbEeqp3LAywGB6vQ" guardVal = "isCodeEntered()" transID = "OLDID+1424988+115" }
transition OLDID+1424988+114 OLDID+1424988+114
(transition OLDID+1424988+114 OLDID+1424988+114) {trigger = "evKey" signalId = "_marCeJlbEeqp3LAywGB6vQ" eventId = "GUID+be00fb39-3f3b-11d3-ac65-0010a4f1d0f6" Region = "_mapNs5lbEeqp3LAywGB6vQ" effect = "newCode = (10 * newCode ) + params->n;
count++;" transID = "OLDID+1424988+123" eid = "_mapN1plbEeqp3LAywGB6vQ" }
transition OLDID+1424988+145 OLDID+1424988+144
(transition OLDID+1424988+145 OLDID+1424988+144) {eventId = "_marCpplbEeqp3LAywGB6vQ" Region = "_mapNtZlbEeqp3LAywGB6vQ" transID = "OLDID+1424988+146" }
transition OLDID+1424988+151 OLDID+1424988+144
(transition OLDID+1424988+151 OLDID+1424988+144) {eventId = "_marCq5lbEeqp3LAywGB6vQ" Region = "_mapNtZlbEeqp3LAywGB6vQ" transID = "OLDID+1424988+152" }
transition OLDID+1424988+116 OLDID+1424988+145
(transition OLDID+1424988+116 OLDID+1424988+145) {G = "GUID+9f27f48c-df03-11d2-ab10-0010a4f1d0f6" Region = "_mapNtZlbEeqp3LAywGB6vQ" guardVal = "isCodeCorrect()" transID = "GUID+9f27f48a-df03-11d2-ab10-0010a4f1d0f6" }
transition OLDID+1424988+116 OLDID+1424988+151
(transition OLDID+1424988+116 OLDID+1424988+151) {G = "OLDID+1424988+549" Region = "_mapNtZlbEeqp3LAywGB6vQ" guardVal = "else" transID = "OLDID+1424988+545" }
transition _mapNuZlbEeqp3LAywGB6vQ OLDID+1424988+144
(transition _mapNuZlbEeqp3LAywGB6vQ OLDID+1424988+144) {Region = "_mapNtZlbEeqp3LAywGB6vQ" transID = "OLDID+1424988+141" }
