$INSTANCE HoPzcMTfEeC0wZa75TykZw Class
HoPzcMTfEeC0wZa75TykZw {label = "Invoice" }
$INSTANCE HbZDMMTfEeC0wZa75TykZw Class
HbZDMMTfEeC0wZa75TykZw {label = "Partner" }
$INSTANCE HHf20MTfEeC0wZa75TykZw Class
HHf20MTfEeC0wZa75TykZw {label = "Reservation" }
$INSTANCE Hj8iQMTfEeC0wZa75TykZw Class
Hj8iQMTfEeC0wZa75TykZw {label = "Customer" }
$INSTANCE HOkvMMTfEeC0wZa75TykZw Class
HOkvMMTfEeC0wZa75TykZw {label = "Catalog" }
$INSTANCE 2K8ZoMTfEeC0wZa75TykZw Class
2K8ZoMTfEeC0wZa75TykZw {label = "Agency" }
$INSTANCE F8k70MTfEeC0wZa75TykZw Class
F8k70MTfEeC0wZa75TykZw {label = "Travel" }
$INSTANCE LOzXQMf8EeCUSo-uQfq_HA Class
LOzXQMf8EeCUSo-uQfq_HA {label = "Availability" }
$INSTANCE pyyRQMfsEeCBha8FS92Ybw Field
pyyRQMfsEeCBha8FS92Ybw {type = "Integer" multUpper = "1" multLower = "1" label = "id" }
$INSTANCE 4pBloMTfEeC0wZa75TykZw Field
4pBloMTfEeC0wZa75TykZw {type = "String" multUpper = "1" multLower = "1" label = "name" }
$INSTANCE yRT8wMfsEeCBha8FS92Ybw Field
yRT8wMfsEeCBha8FS92Ybw {type = "String" multUpper = "*" label = "adress" }
$INSTANCE 28TlIMTfEeC0wZa75TykZw Field
28TlIMTfEeC0wZa75TykZw {type = "String" multUpper = "1" multLower = "1" label = "name" }
$INSTANCE -ztg0MgBEeC-rqkzDXqbnw Field
-ztg0MgBEeC-rqkzDXqbnw {type = "String" multUpper = "1" multLower = "1" label = "name" }
$INSTANCE s9svQMgGEeC-rqkzDXqbnw Field
s9svQMgGEeC-rqkzDXqbnw {type = "String" multUpper = "1" label = "destination" }
$INSTANCE ujykUMf7EeCUSo-uQfq_HA Field
ujykUMf7EeCUSo-uQfq_HA {type = "Date" multUpper = "1" multLower = "1" label = "emission" }
$INSTANCE ErUNYMgCEeC-rqkzDXqbnw Field
ErUNYMgCEeC-rqkzDXqbnw {type = "Date" multUpper = "1" label = "issuedOn" }
$INSTANCE NT4lsMgCEeC-rqkzDXqbnw Field
NT4lsMgCEeC-rqkzDXqbnw {type = "ReservationStatus" multUpper = "1" multLower = "1" label = "status" }
$INSTANCE Mls4wMf8EeCUSo-uQfq_HA Field
Mls4wMf8EeCUSo-uQfq_HA {type = "Date" multUpper = "1" multLower = "1" label = "start" }
$INSTANCE OMBWUMf8EeCUSo-uQfq_HA Field
OMBWUMf8EeCUSo-uQfq_HA {type = "Date" multUpper = "1" multLower = "1" label = "end" }
FieldOf HoPzcMTfEeC0wZa75TykZw pyyRQMfsEeCBha8FS92Ybw
FieldOf HoPzcMTfEeC0wZa75TykZw ujykUMf7EeCUSo-uQfq_HA
FieldOf HHf20MTfEeC0wZa75TykZw ErUNYMgCEeC-rqkzDXqbnw
FieldOf HHf20MTfEeC0wZa75TykZw NT4lsMgCEeC-rqkzDXqbnw
FieldOf Hj8iQMTfEeC0wZa75TykZw 4pBloMTfEeC0wZa75TykZw
FieldOf Hj8iQMTfEeC0wZa75TykZw yRT8wMfsEeCBha8FS92Ybw
FieldOf 2K8ZoMTfEeC0wZa75TykZw 28TlIMTfEeC0wZa75TykZw
FieldOf F8k70MTfEeC0wZa75TykZw -ztg0MgBEeC-rqkzDXqbnw
FieldOf F8k70MTfEeC0wZa75TykZw s9svQMgGEeC-rqkzDXqbnw
FieldOf LOzXQMf8EeCUSo-uQfq_HA Mls4wMf8EeCUSo-uQfq_HA
FieldOf LOzXQMf8EeCUSo-uQfq_HA OMBWUMf8EeCUSo-uQfq_HA
Association HoPzcMTfEeC0wZa75TykZw HHf20MTfEeC0wZa75TykZw
(Association HoPzcMTfEeC0wZa75TykZw HHf20MTfEeC0wZa75TykZw) {label = "invoicesToReservations" associationID = "NQECMMftEeCBha8FS92Ybw" }
Association HHf20MTfEeC0wZa75TykZw 2K8ZoMTfEeC0wZa75TykZw
(Association HHf20MTfEeC0wZa75TykZw 2K8ZoMTfEeC0wZa75TykZw) {label = "agenciestoReservations" associationID = "8ncqIMfsEeCBha8FS92Ybw" }
Association 2K8ZoMTfEeC0wZa75TykZw F8k70MTfEeC0wZa75TykZw
(Association 2K8ZoMTfEeC0wZa75TykZw F8k70MTfEeC0wZa75TykZw) {label = "offers" associationID = "C4MxUMf_EeCUSo-uQfq_HA" }
Association F8k70MTfEeC0wZa75TykZw LOzXQMf8EeCUSo-uQfq_HA
(Association F8k70MTfEeC0wZa75TykZw LOzXQMf8EeCUSo-uQfq_HA) {label = "Travels" associationID = "SQc1EMf8EeCUSo-uQfq_HA" }
Composition HHf20MTfEeC0wZa75TykZw Hj8iQMTfEeC0wZa75TykZw
(Composition HHf20MTfEeC0wZa75TykZw Hj8iQMTfEeC0wZa75TykZw) {owneeRoleName = "customer" SID = "_8ndRMMfsEeCBha8FS92Ybw" ownerRoleName = "reservations" EID = "_JyMvAMf_EeCUSo-uQfq_HA" compositionID = "JyKSwMf_EeCUSo-uQfq_HA" label = "reservationsToCustomers" }
Composition HHf20MTfEeC0wZa75TykZw Hj8iQMTfEeC0wZa75TykZw
(Composition HHf20MTfEeC0wZa75TykZw Hj8iQMTfEeC0wZa75TykZw) {owneeRoleName = "customer" SID = "_NQHFgMftEeCBha8FS92Ybw" ownerRoleName = "reservation" EID = "_JyMvAMf_EeCUSo-uQfq_HA" compositionID = "JyKSwMf_EeCUSo-uQfq_HA" label = "reservationsToCustomers" }
Composition HHf20MTfEeC0wZa75TykZw Hj8iQMTfEeC0wZa75TykZw
(Composition HHf20MTfEeC0wZa75TykZw Hj8iQMTfEeC0wZa75TykZw) {owneeRoleName = "customer" SID = "_JyK50Mf_EeCUSo-uQfq_HA" ownerRoleName = "reservations" EID = "_JyMvAMf_EeCUSo-uQfq_HA" compositionID = "JyKSwMf_EeCUSo-uQfq_HA" label = "reservationsToCustomers" }
Composition Hj8iQMTfEeC0wZa75TykZw 2K8ZoMTfEeC0wZa75TykZw
(Composition Hj8iQMTfEeC0wZa75TykZw 2K8ZoMTfEeC0wZa75TykZw) {owneeRoleName = "mainAgency" SID = "_JyMvAMf_EeCUSo-uQfq_HA" ownerRoleName = "customer" EID = "_3_itEMf7EeCUSo-uQfq_HA" compositionID = "3_iGAMf7EeCUSo-uQfq_HA" label = "agencysToCustomers" }
Composition Hj8iQMTfEeC0wZa75TykZw 2K8ZoMTfEeC0wZa75TykZw
(Composition Hj8iQMTfEeC0wZa75TykZw 2K8ZoMTfEeC0wZa75TykZw) {owneeRoleName = "mainAgency" SID = "_3_j7MMf7EeCUSo-uQfq_HA" ownerRoleName = "customers" EID = "_3_itEMf7EeCUSo-uQfq_HA" compositionID = "3_iGAMf7EeCUSo-uQfq_HA" label = "agencysToCustomers" }
Composition F8k70MTfEeC0wZa75TykZw HOkvMMTfEeC0wZa75TykZw
(Composition F8k70MTfEeC0wZa75TykZw HOkvMMTfEeC0wZa75TykZw) {owneeRoleName = "catalogs" SID = "_SQc1Ecf8EeCUSo-uQfq_HA" ownerRoleName = "travels" EID = "_4VBLoMfsEeCBha8FS92Ybw" compositionID = "4VAkkMfsEeCBha8FS92Ybw" label = "catalogsToTravels" }
Composition F8k70MTfEeC0wZa75TykZw HOkvMMTfEeC0wZa75TykZw
(Composition F8k70MTfEeC0wZa75TykZw HOkvMMTfEeC0wZa75TykZw) {owneeRoleName = "catalogs" SID = "_C4P0oMf_EeCUSo-uQfq_HA" ownerRoleName = "offers" EID = "_4VBLoMfsEeCBha8FS92Ybw" compositionID = "4VAkkMfsEeCBha8FS92Ybw" label = "catalogsToTravels" }
Composition F8k70MTfEeC0wZa75TykZw HOkvMMTfEeC0wZa75TykZw
(Composition F8k70MTfEeC0wZa75TykZw HOkvMMTfEeC0wZa75TykZw) {owneeRoleName = "catalogs" SID = "_4VEO8MfsEeCBha8FS92Ybw" ownerRoleName = "travels" EID = "_4VBLoMfsEeCBha8FS92Ybw" compositionID = "4VAkkMfsEeCBha8FS92Ybw" label = "catalogsToTravels" }
